number,values_0,values_1,datetime_start,datetime_complete,duration,params_discount_rate,params_m,state
0,0.586,1226.5,2026-07-03 19:37:28.195444,2026-07-03 19:43:33.250893,0 days 00:06:05.055449,0.9430534239111247,13,COMPLETE
1,0.6894,619.8,2026-07-03 19:37:28.206161,2026-07-03 19:44:07.441438,0 days 00:06:39.235277,0.9620399494034038,30,COMPLETE
2,0.6982,782.4,2026-07-03 19:37:28.205707,2026-07-03 19:43:40.517556,0 days 00:06:12.311849,0.9430917728341383,50,COMPLETE
3,0.6112,1143.8,2026-07-03 19:37:28.205778,2026-07-03 19:43:22.959970,0 days 00:05:54.754192,0.9293162299009385,26,COMPLETE
4,0.6724,688.0,2026-07-03 19:37:28.205845,2026-07-03 19:43:56.915562,0 days 00:06:28.709717,0.9494819086929371,34,COMPLETE
5,0.722,598.0,2026-07-03 19:37:28.205889,2026-07-03 19:43:52.756321,0 days 00:06:24.550432,0.9567662199301314,48,COMPLETE
6,0.3488,1851.4,2026-07-03 19:37:28.205931,2026-07-03 19:42:25.863936,0 days 00:04:57.658005,0.9733881628063926,1,COMPLETE
7,0.5908,825.6,2026-07-03 19:37:28.205980,2026-07-03 19:44:02.278825,0 days 00:06:34.072845,0.9669677070959968,5,COMPLETE
8,0.7036,393.2,2026-07-03 19:37:28.206025,2026-07-03 19:44:28.575084,0 days 00:07:00.369059,0.9678494228107608,18,COMPLETE
9,0.6546,1075.7,2026-07-03 19:37:28.206059,2026-07-03 19:43:21.601824,0 days 00:05:53.395765,0.9249495446014315,48,COMPLETE
10,0.414,1334.7,2026-07-03 19:37:28.206097,2026-07-03 19:42:23.873325,0 days 00:04:55.667228,0.9708060316292881,2,COMPLETE
11,0.542,1310.2,2026-07-03 19:37:28.206131,2026-07-03 19:43:09.755585,0 days 00:05:41.549454,0.9259926215213069,10,COMPLETE
12,0.2846,1818.4,2026-07-03 19:42:23.886775,2026-07-03 19:46:25.182370,0 days 00:04:01.295595,0.967613417381787,2,COMPLETE
13,0.5732,1304.9,2026-07-03 19:42:25.886151,2026-07-03 19:48:23.922161,0 days 00:05:58.036010,0.903401426298134,22,COMPLETE
14,0.5718,1027.0,2026-07-03 19:43:09.773209,2026-07-03 19:49:22.502978,0 days 00:06:12.729769,0.9463817586831671,9,COMPLETE
15,0.607,807.9,2026-07-03 19:43:21.617073,2026-07-03 19:50:15.737266,0 days 00:06:54.120193,0.9303410201212168,8,COMPLETE
16,0.6996,509.3,2026-07-03 19:43:22.976189,2026-07-03 19:51:11.978266,0 days 00:07:49.002077,0.9821449329448114,9,COMPLETE
17,0.734,394.6,2026-07-03 19:43:33.277599,2026-07-03 19:50:57.882591,0 days 00:07:24.604992,0.9779475346514421,29,COMPLETE
18,0.74,514.6,2026-07-03 19:43:40.532870,2026-07-03 19:51:01.352494,0 days 00:07:20.819624,0.9920189788050195,39,COMPLETE
19,0.7202,606.2,2026-07-03 19:43:52.774159,2026-07-03 19:50:35.962620,0 days 00:06:43.188461,0.9723515301914377,47,COMPLETE
20,0.7172,597.0,2026-07-03 19:43:56.930522,2026-07-03 19:50:49.583177,0 days 00:06:52.652655,0.9768724082486329,41,COMPLETE
21,0.7416,518.0,2026-07-03 19:44:02.300199,2026-07-03 19:51:27.277559,0 days 00:07:24.977360,0.9957676456302588,40,COMPLETE
22,0.7388,522.3,2026-07-03 19:44:07.457387,2026-07-03 19:51:44.651306,0 days 00:07:37.193919,0.9986091382590838,36,COMPLETE
23,0.7414,290.2,2026-07-03 19:44:28.591654,2026-07-03 19:52:24.784630,0 days 00:07:56.192976,0.9917651295209956,18,COMPLETE
24,0.7278,275.8,2026-07-03 19:46:25.203767,2026-07-03 19:54:26.942035,0 days 00:08:01.738268,0.9915675675633514,15,COMPLETE
25,0.7402,305.8,2026-07-03 19:48:23.937892,2026-07-03 19:56:20.221434,0 days 00:07:56.283542,0.9960907585469628,18,COMPLETE
26,0.7426,361.1,2026-07-03 19:49:22.520013,2026-07-03 19:57:07.782603,0 days 00:07:45.262590,0.997741050296285,22,COMPLETE
27,0.7382,298.3,2026-07-03 19:50:15.784865,2026-07-03 19:58:11.344653,0 days 00:07:55.559788,0.9968947431713338,17,COMPLETE
28,0.7418,293.1,2026-07-03 19:50:35.978765,2026-07-03 19:58:27.823359,0 days 00:07:51.844594,0.9932404129470466,17,COMPLETE
29,0.7378,316.5,2026-07-03 19:50:49.603533,2026-07-03 19:58:39.501667,0 days 00:07:49.898134,0.997685922775958,18,COMPLETE
30,0.7352,309.7,2026-07-03 19:50:57.896271,2026-07-03 19:58:48.155096,0 days 00:07:50.258825,0.9938593745332611,18,COMPLETE
31,0.743,478.7,2026-07-03 19:51:01.413406,2026-07-03 19:58:18.441543,0 days 00:07:17.028137,0.9916521168095511,37,COMPLETE
32,0.7426,323.9,2026-07-03 19:51:12.002151,2026-07-03 19:59:10.249330,0 days 00:07:58.247179,0.9988546302722906,17,COMPLETE
33,0.7328,338.0,2026-07-03 19:51:27.294687,2026-07-03 19:59:19.190532,0 days 00:07:51.895845,0.9970882409360712,19,COMPLETE
34,0.7294,295.4,2026-07-03 19:51:44.676600,2026-07-03 19:59:27.773655,0 days 00:07:43.097055,0.9858163791064516,17,COMPLETE
35,0.705,480.7,2026-07-03 19:52:24.800117,2026-07-03 20:00:19.704970,0 days 00:07:54.904853,0.9884571271482882,17,COMPLETE
36,0.7408,277.6,2026-07-03 19:54:26.978431,2026-07-03 20:02:03.738664,0 days 00:07:36.760233,0.9892296989074587,17,COMPLETE
37,0.7284,324.7,2026-07-03 19:56:20.247718,2026-07-03 20:03:53.262510,0 days 00:07:33.014792,0.9867002645269385,16,COMPLETE
38,0.724,340.3,2026-07-03 19:57:07.802529,2026-07-03 20:04:23.548586,0 days 00:07:15.746057,0.9854017447529253,16,COMPLETE
39,0.7412,317.0,2026-07-03 19:58:11.357698,2026-07-03 20:05:25.143878,0 days 00:07:13.786180,0.9863276203124562,21,COMPLETE
40,0.741,266.4,2026-07-03 19:58:18.462060,2026-07-03 20:05:41.514207,0 days 00:07:23.052147,0.9849838462915839,14,COMPLETE
41,0.7094,404.6,2026-07-03 19:58:27.856203,2026-07-03 20:05:34.854077,0 days 00:07:06.997874,0.9825274553403035,13,COMPLETE
42,0.629,944.4,2026-07-03 19:58:39.517699,2026-07-03 20:04:36.672644,0 days 00:05:57.154945,0.903778017986937,23,COMPLETE
43,0.598,993.9,2026-07-03 19:58:48.178682,2026-07-03 20:04:30.953731,0 days 00:05:42.775049,0.9000645816753874,14,COMPLETE
44,0.7222,348.1,2026-07-03 19:59:10.270220,2026-07-03 20:06:23.466589,0 days 00:07:13.196369,0.9844386430172415,13,COMPLETE
45,0.728,287.4,2026-07-03 19:59:19.207358,2026-07-03 20:06:42.086289,0 days 00:07:22.878931,0.9861948134311207,13,COMPLETE
46,0.724,407.0,2026-07-03 19:59:27.789628,2026-07-03 20:06:31.270547,0 days 00:07:03.480919,0.9856951693097502,24,COMPLETE
47,0.6738,704.0,2026-07-03 20:00:19.720145,2026-07-03 20:06:32.952401,0 days 00:06:13.232256,0.9577219301497614,25,COMPLETE
48,0.7186,282.8,2026-07-03 20:02:03.755357,2026-07-03 20:08:45.502054,0 days 00:06:41.746697,0.9606323258563026,14,COMPLETE
49,0.6802,639.0,2026-07-03 20:03:53.281320,2026-07-03 20:10:21.851214,0 days 00:06:28.569894,0.9578568517150482,13,COMPLETE
50,0.6838,456.2,2026-07-03 20:04:23.564982,2026-07-03 20:10:55.045979,0 days 00:06:31.480997,0.959647887382754,12,COMPLETE
51,0.665,717.0,2026-07-03 20:04:30.970045,2026-07-03 20:10:47.797623,0 days 00:06:16.827578,0.958836682730252,24,COMPLETE
52,0.6792,459.9,2026-07-03 20:04:36.692498,2026-07-03 20:11:11.979557,0 days 00:06:35.287059,0.9558019664349597,12,COMPLETE
53,0.6408,771.6,2026-07-03 20:05:25.165764,2026-07-03 20:11:31.594717,0 days 00:06:06.428953,0.9554596369693965,12,COMPLETE
54,0.7014,591.7,2026-07-03 20:05:34.869411,2026-07-03 20:11:57.585295,0 days 00:06:22.715884,0.960547625040522,26,COMPLETE
55,0.5558,938.2,2026-07-03 20:05:41.530102,2026-07-03 20:11:33.054982,0 days 00:05:51.524880,0.9566852069300593,6,COMPLETE
56,0.715,490.7,2026-07-03 20:06:23.481589,2026-07-03 20:12:47.561700,0 days 00:06:24.080111,0.9564291022557375,26,COMPLETE
57,0.6476,485.2,2026-07-03 20:06:31.289338,2026-07-03 20:12:56.069047,0 days 00:06:24.779709,0.9576169495774715,11,COMPLETE
58,0.5702,1094.1,2026-07-03 20:06:32.978547,2026-07-03 20:12:20.273764,0 days 00:05:47.295217,0.9150990199761635,6,COMPLETE
59,0.655,624.5,2026-07-03 20:06:42.102930,2026-07-03 20:13:13.742050,0 days 00:06:31.639120,0.9627639393551067,6,COMPLETE
60,0.5022,1204.9,2026-07-03 20:08:45.519295,2026-07-03 20:14:28.057017,0 days 00:05:42.537722,0.9364173102989952,5,COMPLETE
61,0.523,1065.4,2026-07-03 20:10:21.871384,2026-07-03 20:15:56.968499,0 days 00:05:35.097115,0.9363100243300986,7,COMPLETE
62,0.452,1688.7,2026-07-03 20:10:47.817582,2026-07-03 20:15:35.931635,0 days 00:04:48.114053,0.9372308969863367,5,COMPLETE
63,0.4824,1126.9,2026-07-03 20:10:55.061025,2026-07-03 20:15:59.388703,0 days 00:05:04.327678,0.9346601118966854,7,COMPLETE
64,0.577,988.7,2026-07-03 20:11:11.998002,2026-07-03 20:17:07.147931,0 days 00:05:55.149929,0.9376295258873875,6,COMPLETE
65,0.5118,1443.9,2026-07-03 20:11:31.611669,2026-07-03 20:17:03.790526,0 days 00:05:32.178857,0.9345965572696969,6,COMPLETE
66,0.5576,1295.5,2026-07-03 20:11:33.081279,2026-07-03 20:17:34.974761,0 days 00:06:01.893482,0.9413798777113944,5,COMPLETE
67,0.5994,924.9,2026-07-03 20:11:57.602022,2026-07-03 20:17:55.090722,0 days 00:05:57.488700,0.937540522317219,5,COMPLETE
68,0.6734,799.5,2026-07-03 20:12:20.290408,2026-07-03 20:18:28.112959,0 days 00:06:07.822551,0.9368441853841007,30,COMPLETE
69,0.5778,1166.7,2026-07-03 20:12:47.586372,2026-07-03 20:18:49.991819,0 days 00:06:02.405447,0.9392747838583024,10,COMPLETE
70,0.7082,585.6,2026-07-03 20:12:56.087099,2026-07-03 20:19:02.837282,0 days 00:06:06.750183,0.9460836491187563,43,COMPLETE
71,0.7024,488.3,2026-07-03 20:13:13.758633,2026-07-03 20:19:34.370003,0 days 00:06:20.611370,0.938035909293744,32,COMPLETE
72,0.692,776.7,2026-07-03 20:14:28.077196,2026-07-03 20:20:26.433812,0 days 00:05:58.356616,0.9414015962502653,50,COMPLETE
73,0.6134,1006.0,2026-07-03 20:15:35.949983,2026-07-03 20:22:07.692018,0 days 00:06:31.742035,0.9490716870947069,9,COMPLETE
74,0.6882,685.1,2026-07-03 20:15:56.986492,2026-07-03 20:22:29.884701,0 days 00:06:32.898209,0.9516772912741217,33,COMPLETE
75,0.697,639.5,2026-07-03 20:15:59.401277,2026-07-03 20:22:44.254724,0 days 00:06:44.853447,0.9512469491629862,30,COMPLETE
76,0.7126,524.7,2026-07-03 20:17:03.804579,2026-07-03 20:23:43.083431,0 days 00:06:39.278852,0.9508248706101707,31,COMPLETE
77,0.7278,425.8,2026-07-03 20:17:07.164763,2026-07-03 20:24:02.561536,0 days 00:06:55.396773,0.9780542477801991,30,COMPLETE
78,0.6834,620.0,2026-07-03 20:17:34.988496,2026-07-03 20:24:07.227833,0 days 00:06:32.239337,0.9483425038426213,29,COMPLETE
79,0.6566,742.4,2026-07-03 20:17:55.106542,2026-07-03 20:23:55.998874,0 days 00:06:00.892332,0.9513760289707021,32,COMPLETE
80,0.684,839.5,2026-07-03 20:18:28.127677,2026-07-03 20:24:53.327131,0 days 00:06:25.199454,0.9508370035504887,44,COMPLETE
81,0.711,646.2,2026-07-03 20:18:50.008001,2026-07-03 20:25:11.021812,0 days 00:06:21.013811,0.9511855472966402,44,COMPLETE
82,0.7306,319.9,2026-07-03 20:19:02.860109,2026-07-03 20:26:09.482632,0 days 00:07:06.622523,0.9782257450782608,20,COMPLETE
83,0.7238,359.7,2026-07-03 20:19:34.392102,2026-07-03 20:26:39.081746,0 days 00:07:04.689644,0.9778072290377777,21,COMPLETE
84,0.7106,377.4,2026-07-03 20:20:26.455538,2026-07-03 20:27:43.737671,0 days 00:07:17.282133,0.9779670502643455,15,COMPLETE
85,0.7256,352.3,2026-07-03 20:22:07.708475,2026-07-03 20:29:14.603916,0 days 00:07:06.895441,0.9775225085233309,20,COMPLETE
86,0.7004,400.2,2026-07-03 20:22:29.899543,2026-07-03 20:29:25.612347,0 days 00:06:55.712804,0.9775069037965612,21,COMPLETE
87,0.7358,313.2,2026-07-03 20:22:44.274269,2026-07-03 20:29:47.800167,0 days 00:07:03.525898,0.9767838527986995,20,COMPLETE
88,0.716,417.5,2026-07-03 20:23:43.098160,2026-07-03 20:30:47.218611,0 days 00:07:04.120451,0.979674173009218,20,COMPLETE
89,0.7182,379.9,2026-07-03 20:23:56.020752,2026-07-03 20:30:52.341841,0 days 00:06:56.321089,0.9755194706039658,20,COMPLETE
90,0.731,352.1,2026-07-03 20:24:02.589995,2026-07-03 20:31:18.693360,0 days 00:07:16.103365,0.9905883923001184,20,COMPLETE
91,0.6302,823.9,2026-07-03 20:24:07.251244,2026-07-03 20:30:44.451684,0 days 00:06:37.200440,0.9657151878481022,15,COMPLETE
92,0.7302,362.0,2026-07-03 20:24:53.360495,2026-07-03 20:31:48.832924,0 days 00:06:55.472429,0.9910765468245628,20,COMPLETE
93,0.6238,900.6,2026-07-03 20:25:11.040003,2026-07-03 20:31:15.653535,0 days 00:06:04.613532,0.9178062492491575,16,COMPLETE
94,0.7396,269.2,2026-07-03 20:26:09.500934,2026-07-03 20:32:27.998252,0 days 00:06:18.497318,0.9900849510304205,15,COMPLETE
95,0.7402,279.8,2026-07-03 20:26:39.107989,2026-07-03 20:32:38.696832,0 days 00:05:59.588843,0.9909004945123504,14,COMPLETE
96,0.6796,705.9,2026-07-03 20:27:43.753850,2026-07-03 20:32:34.398143,0 days 00:04:50.644293,0.9196363308454796,37,COMPLETE
97,0.726,283.1,2026-07-03 20:29:14.619802,2026-07-03 20:33:02.731943,0 days 00:03:48.112141,0.9898677466099954,15,COMPLETE
98,0.6992,687.0,2026-07-03 20:29:25.625008,2026-07-03 20:32:51.858526,0 days 00:03:26.233518,0.917333707157047,36,COMPLETE
99,0.74,473.5,2026-07-03 20:29:47.816737,2026-07-03 20:33:06.908155,0 days 00:03:19.091418,0.9920486649166552,35,COMPLETE
